app/build/outputs/mapping/release/seeds.txt
com.reminderapp.receiver.NotificationActionReceiver
com.reminderapp.service.AIService
com.reminderapp.data.database.AppDatabase$Companion$MIGRATION_3_4$1
com.reminderapp.service.AITools
com.reminderapp.data.dao.ReminderRecordDao_Impl$3
com.reminderapp.data.dao.ReminderDao_Impl$7
com.reminderapp.data.dao.ReminderDao$DefaultImpls
com.reminderapp.data.dao.ReminderDao_Impl$2
com.reminderapp.data.dao.ReminderDao_Impl$11
com.reminderapp.data.entity.ReminderRecordEntity$Companion
com.reminderapp.data.dao.ReminderRecordDao_Impl$6
com.reminderapp.data.database.AppDatabase_Impl$1
com.reminderapp.model.ReminderStatus
com.reminderapp.model.ReminderRecord
com.reminderapp.data.database.AppDatabase$Companion$MIGRATION_2_3$1
com.reminderapp.data.dao.ReminderDao
com.reminderapp.service.WeeklyReportWorker
com.reminderapp.data.database.AppDatabase
com.reminderapp.data.dao.ReminderDao_Impl$8
com.reminderapp.data.entity.ReminderEntity
com.reminderapp.data.dao.ReminderRecordDao_Impl$4
com.reminderapp.data.database.AppDatabase$Companion
com.reminderapp.data.dao.ReminderDao_Impl$4
com.reminderapp.data.dao.ReminderRecordDao_Impl
com.reminderapp.data.dao.ReminderDao_Impl$1
com.reminderapp.data.entity.ReminderRecordEntity
com.reminderapp.ReminderApp
com.reminderapp.model.Cycle
com.reminderapp.model.ReminderKt
com.reminderapp.data.dao.ReminderDao_Impl$12
com.reminderapp.model.ReminderKind
com.reminderapp.data.dao.ReminderDao_Impl$9
com.reminderapp.data.database.AppDatabase_Impl
com.reminderapp.data.dao.ReminderDao_Impl$10
com.reminderapp.service.ReminderWorker
com.reminderapp.data.dao.ReminderDao_Impl$5
com.reminderapp.data.dao.ReminderDao_Impl$13
com.reminderapp.data.dao.ReminderRecordDao
com.reminderapp.data.dao.ReminderRecordDao_Impl$5
com.reminderapp.MainActivity
com.reminderapp.data.dao.ReminderRecordDao_Impl$2
com.reminderapp.model.Holiday
com.reminderapp.data.dao.ReminderDao_Impl$3
com.reminderapp.data.dao.ReminderDao_Impl
com.reminderapp.receiver.ReminderWidgetProvider
com.reminderapp.data.database.AppDatabase$Companion$MIGRATION_1_2$1
com.reminderapp.receiver.BootReceiver
com.reminderapp.receiver.WidgetActionReceiver
com.reminderapp.data.dao.ReminderRecordDao_Impl$1
com.reminderapp.data.database.AppDatabase$Companion$MIGRATION_4_5$1
com.reminderapp.data.dao.ReminderDao_Impl$6
com.reminderapp.data.database.AppDatabase$Companion$MIGRATION_5_6$1
com.reminderapp.model.Reminder
com.reminderapp.model.DateReminderType
com.reminderapp.model.RulePeriod
com.reminderapp.model.Reminder: long id
com.reminderapp.data.entity.ReminderRecordEntity: java.lang.String ACTION_NOTIFIED
com.reminderapp.data.database.AppDatabase: com.reminderapp.data.database.AppDatabase$Companion$MIGRATION_5_6$1 MIGRATION_5_6
com.reminderapp.data.entity.ReminderEntity: java.lang.Integer targetDay
com.reminderapp.model.ReminderKind: com.reminderapp.model.ReminderKind DATE
com.reminderapp.model.ReminderRecord: long timestamp
com.reminderapp.model.Holiday: java.lang.String id
com.reminderapp.data.entity.ReminderEntity: int reminderHour
com.reminderapp.model.Reminder: long firstTriggerAt
com.reminderapp.data.entity.ReminderRecordEntity: java.lang.String action
com.reminderapp.data.entity.ReminderEntity: long firstTriggerAt
com.reminderapp.model.ReminderRecord: java.lang.String action
com.reminderapp.data.database.AppDatabase: com.reminderapp.data.database.AppDatabase$Companion Companion
com.reminderapp.model.RulePeriod: com.reminderapp.model.RulePeriod[] $VALUES
com.reminderapp.model.Holiday: boolean isLunar
com.reminderapp.model.Reminder: com.reminderapp.model.DateReminderType dateType
com.reminderapp.data.entity.ReminderEntity: int retryCount
com.reminderapp.data.entity.ReminderEntity: java.lang.String priority
com.reminderapp.model.Reminder: long createdAt
com.reminderapp.data.entity.ReminderEntity: int $stable
com.reminderapp.model.DateReminderType: com.reminderapp.model.DateReminderType HOLIDAY
com.reminderapp.model.Reminder: java.lang.Long lastConfirmedAt
...
androidx.appcompat.widget.Toolbar: int getCurrentContentInsetEnd()
androidx.core.view.accessibility.AccessibilityNodeInfoCompat$Api34Impl: void getBoundsInWindow(android.view.accessibility.AccessibilityNodeInfo,android.graphics.Rect)
androidx.work.impl.background.systemjob.SystemJobService$Api31Impl: int getStopReason(android.app.job.JobParameters)
androidx.core.view.ViewCompat$Api23Impl: void setScrollIndicators(android.view.View,int,int)
androidx.core.view.WindowInsetsCompat$BuilderImpl: androidx.core.view.WindowInsetsCompat build()
androidx.core.view.WindowInsetsCompat$BuilderImpl20: androidx.core.view.WindowInsetsCompat build()
androidx.appcompat.widget.MenuPopupWindow$MenuDropDownListView: void setHoverListener(androidx.appcompat.widget.MenuItemHoverListener)
androidx.compose.foundation.layout.IntrinsicSize: androidx.compose.foundation.layout.IntrinsicSize valueOf(java.lang.String)
androidx.camera.view.PreviewView$ImplementationMode: androidx.camera.view.PreviewView$ImplementationMode[] values()
androidx.work.impl.background.systemalarm.RescheduleReceiver: RescheduleReceiver()
androidx.work.impl.model.SystemIdInfoDao: void removeSystemIdInfo(java.lang.String)
androidx.work.impl.model.WorkTagDao_Impl: java.util.List getWorkSpecIdsWithTag(java.lang.String)
androidx.appcompat.widget.Toolbar: void setNavigationIcon(android.graphics.drawable.Drawable)
androidx.core.app.NotificationCompat$BigTextStyle$Api16Impl: android.app.Notification$BigTextStyle bigText(android.app.Notification$BigTextStyle,java.lang.CharSequence)
androidx.work.impl.model.WorkSpecDao_Impl: androidx.lifecycle.LiveData getScheduleRequestedAtLiveData(java.lang.String)
androidx.compose.ui.node.LayoutNode$LayoutState: androidx.compose.ui.node.LayoutNode$LayoutState valueOf(java.lang.String)
androidx.appcompat.widget.AppCompatTextView: int getAutoSizeStepGranularity()
androidx.appcompat.widget.AppCompatImageButton: void setBackgroundDrawable(android.graphics.drawable.Drawable)
androidx.vectordrawable.graphics.drawable.VectorDrawableCompat$VGroup: float getTranslateX()
kotlinx.coroutines.android.AndroidExceptionPreHandler: void handleException(kotlin.coroutines.CoroutineContext,java.lang.Throwable)
androidx.core.widget.TextViewCompat$Api16Impl: int getMinLines(android.widget.TextView)
androidx.core.content.ContextCompat$Api26Impl: android.content.Intent registerReceiver(android.content.Context,android.content.BroadcastReceiver,android.content.IntentFilter,java.lang.String,android.os.Handler,int)
androidx.work.impl.model.WorkSpecDao_Impl: kotlinx.coroutines.flow.Flow getWorkStatusPojoFlowForName(java.lang.String)
androidx.core.view.accessibility.AccessibilityNodeInfoCompat$Api30Impl: java.lang.CharSequence getStateDescription(android.view.accessibility.AccessibilityNodeInfo)
androidx.compose.ui.platform.AndroidComposeView: androidx.compose.ui.platform.AndroidComposeView$ViewTreeOwners getViewTreeOwners()
androidx.compose.ui.platform.ViewLayerVerificationHelper28: void setOutlineAmbientShadowColor(android.view.View,int)
androidx.appcompat.widget.ActionBarContainer: void setTransitioning(boolean)
androidx.core.view.ViewCompat$Api16Impl: int getMinimumWidth(android.view.View)
androidx.work.WorkInfo$State: androidx.work.WorkInfo$State[] values()
androidx.compose.ui.platform.AccessibilityNodeInfoVerificationHelperMethods: void setAvailableExtraData(android.view.accessibility.AccessibilityNodeInfo,java.util.List)
androidx.room.EntityInsertionAdapter: java.util.List insertAndReturnIdsList(java.lang.Object[])
androidx.work.ExistingPeriodicWorkPolicy: androidx.work.ExistingPeriodicWorkPolicy[] values()
androidx.work.impl.model.WorkNameDao_Impl: void insert(androidx.work.impl.model.WorkName)
androidx.core.widget.TextViewCompat$Api28Impl: java.lang.String[] getDigitStrings(android.icu.text.DecimalFormatSymbols)
androidx.camera.core.impl.CameraInternal$State: androidx.camera.core.impl.CameraInternal$State valueOf(java.lang.String)